d:\edge down load\cocoxproject\card_game\proj.win32\debug.win32\gameview.obj
d:\edge down load\cocoxproject\card_game\proj.win32\debug.win32\helloworldscene.obj
d:\edge down load\cocoxproject\card_game\proj.win32\debug.win32\cardview.obj
d:\edge down load\cocoxproject\card_game\proj.win32\debug.win32\main.obj
d:\edge down load\cocoxproject\card_game\proj.win32\debug.win32\appdelegate.obj
d:\edge down load\cocoxproject\card_game\proj.win32\debug.win32\gamecontroller.obj
d:\edge down load\cocoxproject\card_game\proj.win32\debug.win32\levelconfigloader.obj
d:\edge down load\cocoxproject\card_game\proj.win32\debug.win32\cardmanager.obj
d:\edge down load\cocoxproject\card_game\proj.win32\debug.win32\vc143.pdb
d:\edge down load\cocoxproject\card_game\proj.win32\card_game.cab
d:\edge down load\cocoxproject\card_game\proj.win32\debug.win32\card_game.lib
d:\edge down load\cocoxproject\card_game\proj.win32\debug.win32\card_game.exp
d:\edge down load\cocoxproject\card_game\proj.win32\debug.win32\card_game.exe
d:\edge down load\cocoxproject\card_game\proj.win32\debug.win32\card_game.ilk
d:\edge down load\cocoxproject\card_game\proj.win32\debug.win32\card_game.pdb
d:\edge down load\cocoxproject\card_game\proj.win32\debug.win32\game.res
d:\edge down load\cocoxproject\card_game\proj.win32\debug.win32\libcocos2d.exp
d:\edge down load\cocoxproject\card_game\proj.win32\debug.win32\libspine.idb
d:\edge down load\cocoxproject\card_game\proj.win32\debug.win32\vc143.idb
d:\edge down load\cocoxproject\card_game\proj.win32\debug.win32\libcocos2d.pdb
d:\edge down load\cocoxproject\card_game\proj.win32\debug.win32\librecast.pdb
d:\edge down load\cocoxproject\card_game\proj.win32\debug.win32\libspine.pdb
d:\edge down load\cocoxproject\card_game\proj.win32\debug.win32\card_game.tlog\cl.24740.write.1.tlog
d:\edge down load\cocoxproject\card_game\proj.win32\debug.win32\card_game.tlog\cl.command.1.tlog
d:\edge down load\cocoxproject\card_game\proj.win32\debug.win32\card_game.tlog\cl.items.tlog
d:\edge down load\cocoxproject\card_game\proj.win32\debug.win32\card_game.tlog\cl.read.1.tlog
d:\edge down load\cocoxproject\card_game\proj.win32\debug.win32\card_game.tlog\custombuildstep.read.1u.tlog
d:\edge down load\cocoxproject\card_game\proj.win32\debug.win32\card_game.tlog\custombuildstep.write.1u.tlog
d:\edge down load\cocoxproject\card_game\proj.win32\debug.win32\card_game.tlog\link.command.1.tlog
d:\edge down load\cocoxproject\card_game\proj.win32\debug.win32\card_game.tlog\link.read.1.tlog
d:\edge down load\cocoxproject\card_game\proj.win32\debug.win32\card_game.tlog\link.write.1.tlog
d:\edge down load\cocoxproject\card_game\proj.win32\debug.win32\card_game.tlog\link.write.2u.tlog
d:\edge down load\cocoxproject\card_game\proj.win32\debug.win32\card_game.tlog\rc.command.1.tlog
d:\edge down load\cocoxproject\card_game\proj.win32\debug.win32\card_game.tlog\rc.read.1.tlog
d:\edge down load\cocoxproject\card_game\proj.win32\debug.win32\card_game.tlog\rc.write.1.tlog
